0 info it worked if it ends with ok
1 verbose cli [ 'C:\\Program Files\\nodejs\\node.exe',
1 verbose cli   'C:\\Program Files\\nodejs\\node_modules\\npm\\bin\\npm-cli.js',
1 verbose cli   'start' ]
2 info using npm@3.10.10
3 info using node@v6.9.4
4 verbose run-script [ 'prestart', 'start', 'poststart' ]
5 info lifecycle hello-react@1.0.0~prestart: hello-react@1.0.0
6 silly lifecycle hello-react@1.0.0~prestart: no script for prestart, continuing
7 info lifecycle hello-react@1.0.0~start: hello-react@1.0.0
8 verbose lifecycle hello-react@1.0.0~start: unsafe-perm in lifecycle true
9 verbose lifecycle hello-react@1.0.0~start: PATH: C:\Program Files\nodejs\node_modules\npm\bin\node-gyp-bin;C:\OpenServer\domains\react-3-1-web-server\node_modules\.bin;c:\openserver\modules\php\PHP-5.5\ext;c:\openserver\modules\php\PHP-5.5\pear;c:\openserver\modules\php\PHP-5.5\pear\bin;c:\openserver\modules\php\PHP-5.5;c:\openserver\modules\imagemagick;c:\openserver\modules\wget\bin;c:\openserver\modules\git;c:\openserver\modules\git\bin;c:\openserver\modules\git\mingw\bin;c:\openserver\modules\git\cmd;c:\openserver\modules\database\MySQL-5.5\bin;c:\openserver\modules\http\Apache-2.4\bin;c:\openserver\modules\http\Apache-2.4;C:\Windows\system32;C:\Windows;C:\Windows\system32\Wbem;C:\Windows\SysWOW64;C:/Users/Max/AppData/Roaming/Composer/vendor/bin;C:\OpenServer\modules\php\PHP-5.4;C:\Program Files\Git\cmd;C:\Program Files\nodejs;C:\ProgramData\Oracle\Java\javapath;C:\Windows\system32;C:\Windows;C:\Windows\System32\Wbem;C:\Windows\System32\WindowsPowerShell\v1.0\;C:\Program Files\Git\cmd;C:\Program Files (x86)\Windows Live\Shared;C:\Program Files\TortoiseGit\bin;C:\Program Files\nodejs\;C:\Program Files\Java\jdk1.8.0_111;C:\Program Files (x86)\Skype\Phone\;C:\Users\Max\AppData\Roaming\Composer\vendor\bin;C:\Users\Max\AppData\Local\Android\sdk\tools;C:\Users\Max\AppData\Local\Android\sdk\platform-tools;C:\Users\Max\AppData\Roaming\npm;C:\Program Files\Java\jdk1.8.0_111
10 verbose lifecycle hello-react@1.0.0~start: CWD: C:\OpenServer\domains\react-3-1-web-server
11 silly lifecycle hello-react@1.0.0~start: Args: [ '/d /s /c', 'node server.js' ]
12 verbose stack Error: kill ENOSYS
12 verbose stack     at exports._errnoException (util.js:1022:11)
12 verbose stack     at process.kill (internal/process.js:172:13)
12 verbose stack     at process.listener (C:\Program Files\nodejs\node_modules\npm\node_modules\npmlog\node_modules\gauge\node_modules\signal-exit\index.js:86:15)
12 verbose stack     at emitNone (events.js:91:20)
12 verbose stack     at process.emit (events.js:185:7)
12 verbose stack     at processEmit (C:\Program Files\nodejs\node_modules\npm\node_modules\npmlog\node_modules\gauge\node_modules\signal-exit\index.js:146:32)
12 verbose stack     at processEmit (C:\Program Files\nodejs\node_modules\npm\node_modules\npm-registry-client\node_modules\npmlog\node_modules\gauge\node_modules\signal-exit\index.js:146:32)
12 verbose stack     at Signal.wrap.onsignal (internal/process.js:199:44)
13 verbose cwd C:\OpenServer\domains\react-3-1-web-server
14 error Windows_NT 6.3.9600
15 error argv "C:\\Program Files\\nodejs\\node.exe" "C:\\Program Files\\nodejs\\node_modules\\npm\\bin\\npm-cli.js" "start"
16 error node v6.9.4
17 error npm  v3.10.10
18 error code ENOSYS
19 error errno ENOSYS
20 error syscall kill
21 error kill ENOSYS
22 error If you need help, you may report this error at:
22 error     <https://github.com/npm/npm/issues>
23 verbose exit [ 1, true ]
